  function_1.c
D:\上課資料\高階程式語言實習\LAB\Lab1-2\Lab1-2\Lab1-2\function_1.c(9,6): warning C4101: 'temp2': 未參考的區域變數
  function_2.c
  function_3.c
  function_4.c
  function_5.c
D:\上課資料\高階程式語言實習\LAB\Lab1-2\Lab1-2\Lab1-2\function_1.c(8,6): warning C4101: 'temp': 未參考的區域變數
  main.c
  正在產生程式碼...
D:\上課資料\高階程式語言實習\LAB\Lab1-2\Lab1-2\Lab1-2\function_5.c(9,6): warning C4101: 'temp2': 未參考的區域變數
D:\上課資料\高階程式語言實習\LAB\Lab1-2\Lab1-2\Lab1-2\function_5.c(33): warning C4716: 'Han_Xin_5': 必須傳回值
D:\上課資料\高階程式語言實習\LAB\Lab1-2\Lab1-2\Lab1-2\function_5.c(20): error C4700: 使用了未初始化的區域變數 'temp'
D:\上課資料\高階程式語言實習\LAB\Lab1-2\Lab1-2\Lab1-2\function_4.c(39): warning C4716: 'Han_Xin_4': 必須傳回值
D:\上課資料\高階程式語言實習\LAB\Lab1-2\Lab1-2\Lab1-2\function_4.c(20): error C4700: 使用了未初始化的區域變數 'temp2'
D:\上課資料\高階程式語言實習\LAB\Lab1-2\Lab1-2\Lab1-2\function_4.c(22): error C4700: 使用了未初始化的區域變數 'temp'
D:\上課資料\高階程式語言實習\LAB\Lab1-2\Lab1-2\Lab1-2\function_3.c(40): warning C4716: 'Han_Xin_3': 必須傳回值
D:\上課資料\高階程式語言實習\LAB\Lab1-2\Lab1-2\Lab1-2\function_3.c(16): error C4700: 使用了未初始化的區域變數 'temp'
D:\上課資料\高階程式語言實習\LAB\Lab1-2\Lab1-2\Lab1-2\function_3.c(34): error C4700: 使用了未初始化的區域變數 'temp2'
D:\上課資料\高階程式語言實習\LAB\Lab1-2\Lab1-2\Lab1-2\function_2.c(30): warning C4716: 'Han_Xin_2': 必須傳回值
D:\上課資料\高階程式語言實習\LAB\Lab1-2\Lab1-2\Lab1-2\function_1.c(27): warning C4716: 'Han_Xin_1': 必須傳回值
